<?xml version="1.0" encoding="UTF-8"?>
<!-- Generated by org.testng.reporters.JUnitReportReporter -->
<testsuite hostname="DESKTOP-O2S7TLH" failures="0" tests="1" name="com.practice.NewTest" time="0.009" errors="0" timestamp="2022-01-31T14:49:55 BDT" skipped="0">
  <testcase classname="com.practice.NewTest" name="f" time="0.009"/>
  <system-out/>
</testsuite> <!-- com.practice.NewTest -->
